#! /usr/local/iverilog/bin/vvp
:ivl_version "11.0 (devel)" "(s20150603-642-g3bdb50da)";
:ivl_delay_selection "TYPICAL";
:vpi_time_precision + 0;
:vpi_module "system";
:vpi_module "vhdl_sys";
:vpi_module "vhdl_textio";
:vpi_module "v2005_math";
:vpi_module "va_math";
S_000000000087cbd0 .scope module, "TP2" "TP2" 2 13;
 .timescale 0 0;
    .port_info 0 /INPUT 1 "clk";
    .port_info 1 /INPUT 1 "reset";
    .port_info 2 /INPUT 1 "ok";
    .port_info 3 /INPUT 1 "tone";
    .port_info 4 /INPUT 3 "note";
    .port_info 5 /OUTPUT 1 "finish";
    .port_info 6 /OUTPUT 2 "type";
    .port_info 7 /OUTPUT 7 "display";
P_00000000008b7950 .param/l "note_a" 1 2 60, C4<110>;
P_00000000008b7988 .param/l "note_b" 1 2 61, C4<111>;
P_00000000008b79c0 .param/l "note_c" 1 2 55, C4<001>;
P_00000000008b79f8 .param/l "note_d" 1 2 56, C4<010>;
P_00000000008b7a30 .param/l "note_e" 1 2 57, C4<011>;
P_00000000008b7a68 .param/l "note_f" 1 2 58, C4<100>;
P_00000000008b7aa0 .param/l "note_g" 1 2 59, C4<101>;
P_00000000008b7ad8 .param/l "note_x" 1 2 54, C4<000>;
P_00000000008b7b10 .param/l "process_finished" 1 2 50, C4<0>;
P_00000000008b7b48 .param/l "process_not_finished" 1 2 51, C4<1>;
P_00000000008b7b80 .param/l "state_error" 1 2 41, C4<10001>;
P_00000000008b7bb8 .param/l "state_final_f" 1 2 40, C4<10000>;
P_00000000008b7bf0 .param/l "state_final_i" 1 2 39, C4<01111>;
P_00000000008b7c28 .param/l "state_final_p" 1 2 38, C4<01110>;
P_00000000008b7c60 .param/l "state_inicial" 1 2 24, C4<00000>;
P_00000000008b7c98 .param/l "state_n1" 1 2 25, C4<00001>;
P_00000000008b7cd0 .param/l "state_n2_f" 1 2 28, C4<00100>;
P_00000000008b7d08 .param/l "state_n2_i" 1 2 27, C4<00011>;
P_00000000008b7d40 .param/l "state_n2_p" 1 2 26, C4<00010>;
P_00000000008b7d78 .param/l "state_n3_f" 1 2 31, C4<00111>;
P_00000000008b7db0 .param/l "state_n3_i" 1 2 30, C4<00110>;
P_00000000008b7de8 .param/l "state_n3_p" 1 2 29, C4<00101>;
P_00000000008b7e20 .param/l "state_n4_f" 1 2 34, C4<01010>;
P_00000000008b7e58 .param/l "state_n4_i" 1 2 33, C4<01001>;
P_00000000008b7e90 .param/l "state_n4_p" 1 2 32, C4<01000>;
P_00000000008b7ec8 .param/l "state_n5_f" 1 2 37, C4<01101>;
P_00000000008b7f00 .param/l "state_n5_i" 1 2 36, C4<01100>;
P_00000000008b7f38 .param/l "state_n5_p" 1 2 35, C4<01011>;
P_00000000008b7f70 .param/l "type_future" 1 2 47, C4<11>;
P_00000000008b7fa8 .param/l "type_infinitive" 1 2 46, C4<10>;
P_00000000008b7fe0 .param/l "type_none" 1 2 44, C4<00>;
P_00000000008b8018 .param/l "type_past" 1 2 45, C4<01>;
o00000000008bbde8 .functor BUFZ 1, C4<z>; HiZ drive
v00000000009173d0_0 .net "clk", 0 0, o00000000008bbde8;  0 drivers
v0000000000917970_0 .net "display", 6 0, L_000000000091c630;  1 drivers
v0000000000917dd0_0 .var "finish", 0 0;
o00000000008bbcc8 .functor BUFZ 3, C4<zzz>; HiZ drive
v00000000009169d0_0 .net "note", 2 0, o00000000008bbcc8;  0 drivers
o00000000008bbe48 .functor BUFZ 1, C4<z>; HiZ drive
v0000000000917790_0 .net "ok", 0 0, o00000000008bbe48;  0 drivers
o00000000008bbe78 .functor BUFZ 1, C4<z>; HiZ drive
v0000000000917ab0_0 .net "reset", 0 0, o00000000008bbe78;  0 drivers
v00000000009176f0_0 .var "state", 4 0;
o00000000008bbd28 .functor BUFZ 1, C4<z>; HiZ drive
v0000000000917010_0 .net "tone", 0 0, o00000000008bbd28;  0 drivers
v0000000000917830_0 .var "type", 1 0;
E_00000000008a8a90 .event posedge, v00000000009173d0_0;
S_000000000087a260 .scope module, "d7s" "display7seg" 2 21, 3 5 0, S_000000000087cbd0;
 .timescale 0 0;
    .port_info 0 /INPUT 1 "tom";
    .port_info 1 /INPUT 3 "nota";
    .port_info 2 /OUTPUT 7 "saida";
L_00000000008ad1b0 .functor NOT 1, o00000000008bbd28, C4<0>, C4<0>, C4<0>;
L_00000000008acdc0 .functor NOT 1, L_0000000000916e30, C4<0>, C4<0>, C4<0>;
L_00000000008ad300 .functor NOT 1, L_00000000009180f0, C4<0>, C4<0>, C4<0>;
L_00000000008ac8f0 .functor AND 1, L_00000000008acdc0, L_00000000008ad300, C4<1>, C4<1>;
L_00000000008ace30 .functor NOT 1, L_00000000009178d0, C4<0>, C4<0>, C4<0>;
L_00000000008ad0d0 .functor AND 1, L_00000000008ac8f0, L_00000000008ace30, C4<1>, C4<1>;
L_00000000008ac500 .functor OR 1, L_00000000008ad1b0, L_00000000008ad0d0, C4<0>, C4<0>;
L_00000000008ad060 .functor NOT 1, L_0000000000917a10, C4<0>, C4<0>, C4<0>;
L_00000000008acea0 .functor NOT 1, L_0000000000917b50, C4<0>, C4<0>, C4<0>;
L_00000000008acf10 .functor AND 1, L_00000000008ad060, L_00000000008acea0, C4<1>, C4<1>;
L_00000000008ad290 .functor NOT 1, L_0000000000917fb0, C4<0>, C4<0>, C4<0>;
L_00000000008acff0 .functor AND 1, o00000000008bbd28, L_00000000008ad290, C4<1>, C4<1>;
L_00000000008ac570 .functor OR 1, L_00000000008acf10, L_00000000008acff0, C4<0>, C4<0>;
L_00000000008ad140 .functor NOT 1, L_0000000000917bf0, C4<0>, C4<0>, C4<0>;
L_00000000008ad220 .functor NOT 1, L_0000000000917c90, C4<0>, C4<0>, C4<0>;
L_00000000008ad370 .functor AND 1, L_00000000008ad140, L_00000000008ad220, C4<1>, C4<1>;
L_00000000008ac5e0 .functor OR 1, L_00000000008ac570, L_00000000008ad370, C4<0>, C4<0>;
L_00000000008ac880 .functor AND 1, o00000000008bbd28, L_0000000000917e70, C4<1>, C4<1>;
L_00000000008ac650 .functor NOT 1, L_0000000000918050, C4<0>, C4<0>, C4<0>;
L_00000000008ac960 .functor AND 1, L_00000000008ac880, L_00000000008ac650, C4<1>, C4<1>;
L_00000000008ac6c0 .functor OR 1, L_00000000008ac5e0, L_00000000008ac960, C4<0>, C4<0>;
L_00000000008ac730 .functor NOT 1, o00000000008bbd28, C4<0>, C4<0>, C4<0>;
L_00000000008acc00 .functor NOT 1, L_0000000000916f70, C4<0>, C4<0>, C4<0>;
L_00000000008ac7a0 .functor AND 1, L_00000000008ac730, L_00000000008acc00, C4<1>, C4<1>;
L_00000000008aca40 .functor NOT 1, L_0000000000917d30, C4<0>, C4<0>, C4<0>;
L_00000000008acab0 .functor AND 1, L_00000000008ac7a0, L_00000000008aca40, C4<1>, C4<1>;
L_000000000087d390 .functor OR 1, L_00000000008ac6c0, L_00000000008acab0, C4<0>, C4<0>;
L_000000000087d470 .functor NOT 1, L_0000000000917290, C4<0>, C4<0>, C4<0>;
L_000000000087d0f0 .functor NOT 1, L_0000000000916ed0, C4<0>, C4<0>, C4<0>;
L_000000000087d2b0 .functor AND 1, L_000000000087d470, L_000000000087d0f0, C4<1>, C4<1>;
L_000000000087d400 .functor NOT 1, o00000000008bbd28, C4<0>, C4<0>, C4<0>;
L_000000000087d160 .functor NOT 1, L_0000000000917f10, C4<0>, C4<0>, C4<0>;
L_000000000087d010 .functor AND 1, L_000000000087d400, L_000000000087d160, C4<1>, C4<1>;
L_000000000087cde0 .functor OR 1, L_000000000087d2b0, L_000000000087d010, C4<0>, C4<0>;
L_000000000087d080 .functor NOT 1, o00000000008bbd28, C4<0>, C4<0>, C4<0>;
L_000000000087ce50 .functor AND 1, L_000000000087d080, L_0000000000918190, C4<1>, C4<1>;
L_000000000087cec0 .functor OR 1, L_000000000087cde0, L_000000000087ce50, C4<0>, C4<0>;
L_000000000087cf30 .functor AND 1, L_00000000009175b0, L_0000000000916570, C4<1>, C4<1>;
L_000000000087cfa0 .functor AND 1, L_000000000087cf30, L_00000000009182d0, C4<1>, C4<1>;
L_000000000087d1d0 .functor OR 1, L_000000000087cec0, L_000000000087cfa0, C4<0>, C4<0>;
L_000000000087d240 .functor AND 1, o00000000008bbd28, L_0000000000917470, C4<1>, C4<1>;
L_00000000008ac9d0 .functor AND 1, o00000000008bbd28, L_0000000000918230, C4<1>, C4<1>;
L_000000000091a640 .functor OR 1, L_000000000087d240, L_00000000008ac9d0, C4<0>, C4<0>;
L_000000000091b0c0 .functor AND 1, L_0000000000918370, L_0000000000916610, C4<1>, C4<1>;
L_000000000091b3d0 .functor NOT 1, L_0000000000916cf0, C4<0>, C4<0>, C4<0>;
L_000000000091ae90 .functor AND 1, L_000000000091b0c0, L_000000000091b3d0, C4<1>, C4<1>;
L_000000000091b1a0 .functor OR 1, L_000000000091a640, L_000000000091ae90, C4<0>, C4<0>;
L_000000000091a800 .functor NOT 1, L_00000000009170b0, C4<0>, C4<0>, C4<0>;
L_000000000091af00 .functor NOT 1, L_00000000009166b0, C4<0>, C4<0>, C4<0>;
L_000000000091b2f0 .functor AND 1, L_000000000091a800, L_000000000091af00, C4<1>, C4<1>;
L_000000000091b210 .functor NOT 1, L_0000000000917150, C4<0>, C4<0>, C4<0>;
L_000000000091adb0 .functor AND 1, L_000000000091b2f0, L_000000000091b210, C4<1>, C4<1>;
L_000000000091b280 .functor OR 1, L_000000000091b1a0, L_000000000091adb0, C4<0>, C4<0>;
L_000000000091a870 .functor NOT 1, L_0000000000916750, C4<0>, C4<0>, C4<0>;
L_000000000091af70 .functor AND 1, o00000000008bbd28, L_000000000091a870, C4<1>, C4<1>;
L_000000000091b130 .functor AND 1, L_000000000091af70, L_00000000009167f0, C4<1>, C4<1>;
L_000000000091afe0 .functor AND 1, L_000000000091b130, L_0000000000916b10, C4<1>, C4<1>;
L_000000000091b360 .functor NOT 1, L_00000000009171f0, C4<0>, C4<0>, C4<0>;
L_000000000091a560 .functor NOT 1, L_0000000000916bb0, C4<0>, C4<0>, C4<0>;
L_000000000091a4f0 .functor AND 1, L_000000000091b360, L_000000000091a560, C4<1>, C4<1>;
L_000000000091a5d0 .functor OR 1, L_000000000091afe0, L_000000000091a4f0, C4<0>, C4<0>;
L_000000000091a6b0 .functor NOT 1, o00000000008bbd28, C4<0>, C4<0>, C4<0>;
L_000000000091a8e0 .functor AND 1, L_000000000091a6b0, L_0000000000916c50, C4<1>, C4<1>;
L_000000000091ab10 .functor AND 1, L_000000000091a8e0, L_0000000000917330, C4<1>, C4<1>;
L_000000000091ac60 .functor OR 1, L_000000000091a5d0, L_000000000091ab10, C4<0>, C4<0>;
L_000000000091ab80 .functor AND 1, L_0000000000916d90, L_0000000000917510, C4<1>, C4<1>;
L_000000000091abf0 .functor NOT 1, L_0000000000917650, C4<0>, C4<0>, C4<0>;
L_000000000091b050 .functor AND 1, L_000000000091ab80, L_000000000091abf0, C4<1>, C4<1>;
L_000000000091a720 .functor OR 1, L_000000000091ac60, L_000000000091b050, C4<0>, C4<0>;
L_000000000091ad40 .functor NOT 1, L_000000000091c770, C4<0>, C4<0>, C4<0>;
L_000000000091ae20 .functor NOT 1, L_000000000091d2b0, C4<0>, C4<0>, C4<0>;
L_000000000091a9c0 .functor AND 1, L_000000000091ad40, L_000000000091ae20, C4<1>, C4<1>;
L_000000000091a790 .functor NOT 1, L_000000000091c950, C4<0>, C4<0>, C4<0>;
L_000000000091a950 .functor AND 1, L_000000000091a790, L_000000000091d5d0, C4<1>, C4<1>;
L_000000000091aa30 .functor OR 1, L_000000000091a9c0, L_000000000091a950, C4<0>, C4<0>;
L_000000000091aaa0 .functor NOT 1, L_000000000091d0d0, C4<0>, C4<0>, C4<0>;
L_000000000091acd0 .functor AND 1, o00000000008bbd28, L_000000000091aaa0, C4<1>, C4<1>;
L_000000000091e800 .functor NOT 1, L_000000000091c450, C4<0>, C4<0>, C4<0>;
L_000000000091e1e0 .functor AND 1, L_000000000091acd0, L_000000000091e800, C4<1>, C4<1>;
L_000000000091e410 .functor OR 1, L_000000000091aa30, L_000000000091e1e0, C4<0>, C4<0>;
L_000000000091e2c0 .functor NOT 1, o00000000008bbd28, C4<0>, C4<0>, C4<0>;
L_000000000091dae0 .functor AND 1, L_000000000091e2c0, L_000000000091cb30, C4<1>, C4<1>;
L_000000000091d920 .functor NOT 1, L_000000000091cdb0, C4<0>, C4<0>, C4<0>;
L_000000000091e330 .functor AND 1, L_000000000091dae0, L_000000000091d920, C4<1>, C4<1>;
L_000000000091e790 .functor OR 1, L_000000000091e410, L_000000000091e330, C4<0>, C4<0>;
L_000000000091e5d0 .functor NOT 1, L_000000000091cef0, C4<0>, C4<0>, C4<0>;
L_000000000091db50 .functor NOT 1, L_000000000091c130, C4<0>, C4<0>, C4<0>;
L_000000000091dca0 .functor AND 1, L_000000000091e5d0, L_000000000091db50, C4<1>, C4<1>;
L_000000000091dbc0 .functor NOT 1, L_000000000091ce50, C4<0>, C4<0>, C4<0>;
L_000000000091de60 .functor AND 1, L_000000000091dca0, L_000000000091dbc0, C4<1>, C4<1>;
L_000000000091dc30 .functor NOT 1, L_000000000091c4f0, C4<0>, C4<0>, C4<0>;
L_000000000091e250 .functor AND 1, L_000000000091cf90, L_000000000091dc30, C4<1>, C4<1>;
L_000000000091e090 .functor AND 1, L_000000000091e250, L_000000000091d670, C4<1>, C4<1>;
L_000000000091dd10 .functor OR 1, L_000000000091de60, L_000000000091e090, C4<0>, C4<0>;
L_000000000091dd80 .functor NOT 1, L_000000000091c3b0, C4<0>, C4<0>, C4<0>;
L_000000000091e480 .functor AND 1, o00000000008bbd28, L_000000000091dd80, C4<1>, C4<1>;
L_000000000091e100 .functor AND 1, L_000000000091e480, L_000000000091d490, C4<1>, C4<1>;
L_000000000091e020 .functor OR 1, L_000000000091dd10, L_000000000091e100, C4<0>, C4<0>;
v00000000008b94b0_0 .net *"_s10", 0 0, L_00000000008ad300;  1 drivers
v00000000008b86f0_0 .net *"_s100", 0 0, L_000000000087d010;  1 drivers
v00000000008b9550_0 .net *"_s102", 0 0, L_000000000087cde0;  1 drivers
v00000000008b9910_0 .net *"_s104", 0 0, L_000000000087d080;  1 drivers
v00000000008b83d0_0 .net *"_s107", 0 0, L_0000000000918190;  1 drivers
v00000000008b8a10_0 .net *"_s108", 0 0, L_000000000087ce50;  1 drivers
v00000000008b8bf0_0 .net *"_s110", 0 0, L_000000000087cec0;  1 drivers
v00000000008b99b0_0 .net *"_s113", 0 0, L_00000000009175b0;  1 drivers
v00000000008b9230_0 .net *"_s115", 0 0, L_0000000000916570;  1 drivers
v00000000008b9eb0_0 .net *"_s116", 0 0, L_000000000087cf30;  1 drivers
v00000000008b9cd0_0 .net *"_s119", 0 0, L_00000000009182d0;  1 drivers
v00000000008b80b0_0 .net *"_s12", 0 0, L_00000000008ac8f0;  1 drivers
v00000000008b9af0_0 .net *"_s120", 0 0, L_000000000087cfa0;  1 drivers
v00000000008b95f0_0 .net *"_s122", 0 0, L_000000000087d1d0;  1 drivers
v00000000008b85b0_0 .net *"_s127", 0 0, L_0000000000917470;  1 drivers
v00000000008b8650_0 .net *"_s128", 0 0, L_000000000087d240;  1 drivers
v00000000008b9690_0 .net *"_s131", 0 0, L_0000000000918230;  1 drivers
v00000000008b92d0_0 .net *"_s132", 0 0, L_00000000008ac9d0;  1 drivers
v00000000008b90f0_0 .net *"_s134", 0 0, L_000000000091a640;  1 drivers
v00000000008b8e70_0 .net *"_s137", 0 0, L_0000000000918370;  1 drivers
v00000000008b9b90_0 .net *"_s139", 0 0, L_0000000000916610;  1 drivers
v00000000008b9190_0 .net *"_s140", 0 0, L_000000000091b0c0;  1 drivers
v00000000008b9410_0 .net *"_s143", 0 0, L_0000000000916cf0;  1 drivers
v00000000008b9c30_0 .net *"_s144", 0 0, L_000000000091b3d0;  1 drivers
v00000000008b8330_0 .net *"_s146", 0 0, L_000000000091ae90;  1 drivers
v00000000008b8c90_0 .net *"_s148", 0 0, L_000000000091b1a0;  1 drivers
v00000000008b9730_0 .net *"_s15", 0 0, L_00000000009178d0;  1 drivers
v00000000008b8470_0 .net *"_s151", 0 0, L_00000000009170b0;  1 drivers
v00000000008b9050_0 .net *"_s152", 0 0, L_000000000091a800;  1 drivers
v00000000008b8d30_0 .net *"_s155", 0 0, L_00000000009166b0;  1 drivers
v00000000008b9370_0 .net *"_s156", 0 0, L_000000000091af00;  1 drivers
v00000000008b97d0_0 .net *"_s158", 0 0, L_000000000091b2f0;  1 drivers
v00000000008b9870_0 .net *"_s16", 0 0, L_00000000008ace30;  1 drivers
v00000000008b9d70_0 .net *"_s161", 0 0, L_0000000000917150;  1 drivers
v00000000008b9a50_0 .net *"_s162", 0 0, L_000000000091b210;  1 drivers
v00000000008b81f0_0 .net *"_s164", 0 0, L_000000000091adb0;  1 drivers
v00000000008b8150_0 .net *"_s166", 0 0, L_000000000091b280;  1 drivers
v00000000008b8790_0 .net *"_s171", 0 0, L_0000000000916750;  1 drivers
v00000000008b8830_0 .net *"_s172", 0 0, L_000000000091a870;  1 drivers
v00000000008b9e10_0 .net *"_s174", 0 0, L_000000000091af70;  1 drivers
v00000000008b9f50_0 .net *"_s177", 0 0, L_00000000009167f0;  1 drivers
v00000000008b8ab0_0 .net *"_s178", 0 0, L_000000000091b130;  1 drivers
v00000000008b8290_0 .net *"_s18", 0 0, L_00000000008ad0d0;  1 drivers
v00000000008b8510_0 .net *"_s181", 0 0, L_0000000000916b10;  1 drivers
v00000000008b8b50_0 .net *"_s182", 0 0, L_000000000091afe0;  1 drivers
v00000000008b88d0_0 .net *"_s185", 0 0, L_00000000009171f0;  1 drivers
v00000000008b8970_0 .net *"_s186", 0 0, L_000000000091b360;  1 drivers
v00000000008b8dd0_0 .net *"_s189", 0 0, L_0000000000916bb0;  1 drivers
v00000000008b8f10_0 .net *"_s190", 0 0, L_000000000091a560;  1 drivers
v00000000008b8fb0_0 .net *"_s192", 0 0, L_000000000091a4f0;  1 drivers
v0000000000911bc0_0 .net *"_s194", 0 0, L_000000000091a5d0;  1 drivers
v0000000000912700_0 .net *"_s196", 0 0, L_000000000091a6b0;  1 drivers
v0000000000911ee0_0 .net *"_s199", 0 0, L_0000000000916c50;  1 drivers
v00000000009118a0_0 .net *"_s2", 0 0, L_00000000008ad1b0;  1 drivers
v0000000000912de0_0 .net *"_s20", 0 0, L_00000000008ac500;  1 drivers
v00000000009128e0_0 .net *"_s200", 0 0, L_000000000091a8e0;  1 drivers
v0000000000912480_0 .net *"_s203", 0 0, L_0000000000917330;  1 drivers
v00000000009114e0_0 .net *"_s204", 0 0, L_000000000091ab10;  1 drivers
v0000000000912520_0 .net *"_s206", 0 0, L_000000000091ac60;  1 drivers
v00000000009119e0_0 .net *"_s209", 0 0, L_0000000000916d90;  1 drivers
v0000000000911e40_0 .net *"_s211", 0 0, L_0000000000917510;  1 drivers
v0000000000911f80_0 .net *"_s212", 0 0, L_000000000091ab80;  1 drivers
v00000000009113a0_0 .net *"_s215", 0 0, L_0000000000917650;  1 drivers
v0000000000912980_0 .net *"_s216", 0 0, L_000000000091abf0;  1 drivers
v0000000000912840_0 .net *"_s218", 0 0, L_000000000091b050;  1 drivers
v0000000000911da0_0 .net *"_s220", 0 0, L_000000000091a720;  1 drivers
v0000000000911c60_0 .net *"_s225", 0 0, L_000000000091c770;  1 drivers
v0000000000911120_0 .net *"_s226", 0 0, L_000000000091ad40;  1 drivers
v00000000009125c0_0 .net *"_s229", 0 0, L_000000000091d2b0;  1 drivers
v0000000000912d40_0 .net *"_s230", 0 0, L_000000000091ae20;  1 drivers
v0000000000912a20_0 .net *"_s232", 0 0, L_000000000091a9c0;  1 drivers
v0000000000912e80_0 .net *"_s235", 0 0, L_000000000091c950;  1 drivers
v0000000000912340_0 .net *"_s236", 0 0, L_000000000091a790;  1 drivers
v00000000009123e0_0 .net *"_s239", 0 0, L_000000000091d5d0;  1 drivers
v0000000000912ac0_0 .net *"_s240", 0 0, L_000000000091a950;  1 drivers
v00000000009116c0_0 .net *"_s242", 0 0, L_000000000091aa30;  1 drivers
v0000000000912660_0 .net *"_s245", 0 0, L_000000000091d0d0;  1 drivers
v0000000000912020_0 .net *"_s246", 0 0, L_000000000091aaa0;  1 drivers
v0000000000911760_0 .net *"_s248", 0 0, L_000000000091acd0;  1 drivers
v0000000000911580_0 .net *"_s25", 0 0, L_0000000000917a10;  1 drivers
v0000000000911440_0 .net *"_s251", 0 0, L_000000000091c450;  1 drivers
v0000000000911620_0 .net *"_s252", 0 0, L_000000000091e800;  1 drivers
v0000000000911080_0 .net *"_s254", 0 0, L_000000000091e1e0;  1 drivers
v00000000009120c0_0 .net *"_s256", 0 0, L_000000000091e410;  1 drivers
v0000000000912160_0 .net *"_s258", 0 0, L_000000000091e2c0;  1 drivers
v00000000009127a0_0 .net *"_s26", 0 0, L_00000000008ad060;  1 drivers
v0000000000911940_0 .net *"_s261", 0 0, L_000000000091cb30;  1 drivers
v0000000000911b20_0 .net *"_s262", 0 0, L_000000000091dae0;  1 drivers
v00000000009122a0_0 .net *"_s265", 0 0, L_000000000091cdb0;  1 drivers
v0000000000912b60_0 .net *"_s266", 0 0, L_000000000091d920;  1 drivers
v0000000000912c00_0 .net *"_s268", 0 0, L_000000000091e330;  1 drivers
v0000000000911d00_0 .net *"_s270", 0 0, L_000000000091e790;  1 drivers
v0000000000911a80_0 .net *"_s276", 0 0, L_000000000091cef0;  1 drivers
v00000000009111c0_0 .net *"_s277", 0 0, L_000000000091e5d0;  1 drivers
v0000000000912f20_0 .net *"_s280", 0 0, L_000000000091c130;  1 drivers
v0000000000911260_0 .net *"_s281", 0 0, L_000000000091db50;  1 drivers
v0000000000912ca0_0 .net *"_s283", 0 0, L_000000000091dca0;  1 drivers
v0000000000911300_0 .net *"_s286", 0 0, L_000000000091ce50;  1 drivers
v0000000000912200_0 .net *"_s287", 0 0, L_000000000091dbc0;  1 drivers
v0000000000911800_0 .net *"_s289", 0 0, L_000000000091de60;  1 drivers
v0000000000915830_0 .net *"_s29", 0 0, L_0000000000917b50;  1 drivers
v0000000000915970_0 .net *"_s292", 0 0, L_000000000091cf90;  1 drivers
v00000000009149d0_0 .net *"_s294", 0 0, L_000000000091c4f0;  1 drivers
v0000000000915470_0 .net *"_s295", 0 0, L_000000000091dc30;  1 drivers
v0000000000914250_0 .net *"_s297", 0 0, L_000000000091e250;  1 drivers
v0000000000915510_0 .net *"_s30", 0 0, L_00000000008acea0;  1 drivers
v0000000000914ed0_0 .net *"_s300", 0 0, L_000000000091d670;  1 drivers
v0000000000914110_0 .net *"_s301", 0 0, L_000000000091e090;  1 drivers
v0000000000915150_0 .net *"_s303", 0 0, L_000000000091dd10;  1 drivers
v0000000000914750_0 .net *"_s306", 0 0, L_000000000091c3b0;  1 drivers
v00000000009150b0_0 .net *"_s307", 0 0, L_000000000091dd80;  1 drivers
v00000000009146b0_0 .net *"_s309", 0 0, L_000000000091e480;  1 drivers
v00000000009155b0_0 .net *"_s312", 0 0, L_000000000091d490;  1 drivers
v0000000000915650_0 .net *"_s313", 0 0, L_000000000091e100;  1 drivers
v0000000000914e30_0 .net *"_s315", 0 0, L_000000000091e020;  1 drivers
v0000000000915790_0 .net *"_s32", 0 0, L_00000000008acf10;  1 drivers
v0000000000914070_0 .net *"_s35", 0 0, L_0000000000917fb0;  1 drivers
v0000000000914bb0_0 .net *"_s36", 0 0, L_00000000008ad290;  1 drivers
v0000000000914d90_0 .net *"_s38", 0 0, L_00000000008acff0;  1 drivers
v00000000009156f0_0 .net *"_s40", 0 0, L_00000000008ac570;  1 drivers
v0000000000913cb0_0 .net *"_s43", 0 0, L_0000000000917bf0;  1 drivers
v0000000000914890_0 .net *"_s44", 0 0, L_00000000008ad140;  1 drivers
v00000000009153d0_0 .net *"_s47", 0 0, L_0000000000917c90;  1 drivers
v0000000000914c50_0 .net *"_s48", 0 0, L_00000000008ad220;  1 drivers
v0000000000914570_0 .net *"_s5", 0 0, L_0000000000916e30;  1 drivers
v0000000000915ab0_0 .net *"_s50", 0 0, L_00000000008ad370;  1 drivers
v00000000009158d0_0 .net *"_s52", 0 0, L_00000000008ac5e0;  1 drivers
v00000000009151f0_0 .net *"_s55", 0 0, L_0000000000917e70;  1 drivers
v00000000009141b0_0 .net *"_s56", 0 0, L_00000000008ac880;  1 drivers
v0000000000915290_0 .net *"_s59", 0 0, L_0000000000918050;  1 drivers
v00000000009147f0_0 .net *"_s6", 0 0, L_00000000008acdc0;  1 drivers
v0000000000914b10_0 .net *"_s60", 0 0, L_00000000008ac650;  1 drivers
v0000000000914cf0_0 .net *"_s62", 0 0, L_00000000008ac960;  1 drivers
v00000000009142f0_0 .net *"_s64", 0 0, L_00000000008ac6c0;  1 drivers
v0000000000915a10_0 .net *"_s66", 0 0, L_00000000008ac730;  1 drivers
v0000000000915b50_0 .net *"_s69", 0 0, L_0000000000916f70;  1 drivers
v0000000000914a70_0 .net *"_s70", 0 0, L_00000000008acc00;  1 drivers
v0000000000914930_0 .net *"_s72", 0 0, L_00000000008ac7a0;  1 drivers
v0000000000913df0_0 .net *"_s75", 0 0, L_0000000000917d30;  1 drivers
v0000000000915330_0 .net *"_s76", 0 0, L_00000000008aca40;  1 drivers
v0000000000913d50_0 .net *"_s78", 0 0, L_00000000008acab0;  1 drivers
v0000000000913e90_0 .net *"_s80", 0 0, L_000000000087d390;  1 drivers
v0000000000913f30_0 .net *"_s85", 0 0, L_0000000000917290;  1 drivers
v0000000000913fd0_0 .net *"_s86", 0 0, L_000000000087d470;  1 drivers
v0000000000914390_0 .net *"_s89", 0 0, L_0000000000916ed0;  1 drivers
v0000000000915010_0 .net *"_s9", 0 0, L_00000000009180f0;  1 drivers
v0000000000914430_0 .net *"_s90", 0 0, L_000000000087d0f0;  1 drivers
v00000000009144d0_0 .net *"_s92", 0 0, L_000000000087d2b0;  1 drivers
v0000000000914610_0 .net *"_s94", 0 0, L_000000000087d400;  1 drivers
v0000000000914f70_0 .net *"_s97", 0 0, L_0000000000917f10;  1 drivers
v0000000000916890_0 .net *"_s98", 0 0, L_000000000087d160;  1 drivers
v0000000000916930_0 .net "nota", 2 0, o00000000008bbcc8;  alias, 0 drivers
v0000000000916a70_0 .net "saida", 6 0, L_000000000091c630;  alias, 1 drivers
v00000000009164d0_0 .net "tom", 0 0, o00000000008bbd28;  alias, 0 drivers
L_0000000000916e30 .part o00000000008bbcc8, 0, 1;
L_00000000009180f0 .part o00000000008bbcc8, 1, 1;
L_00000000009178d0 .part o00000000008bbcc8, 2, 1;
L_0000000000917a10 .part o00000000008bbcc8, 1, 1;
L_0000000000917b50 .part o00000000008bbcc8, 2, 1;
L_0000000000917fb0 .part o00000000008bbcc8, 1, 1;
L_0000000000917bf0 .part o00000000008bbcc8, 0, 1;
L_0000000000917c90 .part o00000000008bbcc8, 1, 1;
L_0000000000917e70 .part o00000000008bbcc8, 0, 1;
L_0000000000918050 .part o00000000008bbcc8, 2, 1;
L_0000000000916f70 .part o00000000008bbcc8, 0, 1;
L_0000000000917d30 .part o00000000008bbcc8, 2, 1;
L_0000000000917290 .part o00000000008bbcc8, 1, 1;
L_0000000000916ed0 .part o00000000008bbcc8, 2, 1;
L_0000000000917f10 .part o00000000008bbcc8, 1, 1;
L_0000000000918190 .part o00000000008bbcc8, 2, 1;
L_00000000009175b0 .part o00000000008bbcc8, 0, 1;
L_0000000000916570 .part o00000000008bbcc8, 1, 1;
L_00000000009182d0 .part o00000000008bbcc8, 2, 1;
L_0000000000917470 .part o00000000008bbcc8, 2, 1;
L_0000000000918230 .part o00000000008bbcc8, 1, 1;
L_0000000000918370 .part o00000000008bbcc8, 0, 1;
L_0000000000916610 .part o00000000008bbcc8, 1, 1;
L_0000000000916cf0 .part o00000000008bbcc8, 2, 1;
L_00000000009170b0 .part o00000000008bbcc8, 0, 1;
L_00000000009166b0 .part o00000000008bbcc8, 1, 1;
L_0000000000917150 .part o00000000008bbcc8, 2, 1;
L_0000000000916750 .part o00000000008bbcc8, 0, 1;
L_00000000009167f0 .part o00000000008bbcc8, 1, 1;
L_0000000000916b10 .part o00000000008bbcc8, 2, 1;
L_00000000009171f0 .part o00000000008bbcc8, 1, 1;
L_0000000000916bb0 .part o00000000008bbcc8, 2, 1;
L_0000000000916c50 .part o00000000008bbcc8, 0, 1;
L_0000000000917330 .part o00000000008bbcc8, 1, 1;
L_0000000000916d90 .part o00000000008bbcc8, 0, 1;
L_0000000000917510 .part o00000000008bbcc8, 1, 1;
L_0000000000917650 .part o00000000008bbcc8, 2, 1;
L_000000000091c770 .part o00000000008bbcc8, 0, 1;
L_000000000091d2b0 .part o00000000008bbcc8, 1, 1;
L_000000000091c950 .part o00000000008bbcc8, 0, 1;
L_000000000091d5d0 .part o00000000008bbcc8, 2, 1;
L_000000000091d0d0 .part o00000000008bbcc8, 1, 1;
L_000000000091c450 .part o00000000008bbcc8, 2, 1;
L_000000000091cb30 .part o00000000008bbcc8, 1, 1;
L_000000000091cdb0 .part o00000000008bbcc8, 2, 1;
LS_000000000091c630_0_0 .concat8 [ 1 1 1 1], L_00000000008ac500, L_000000000087d390, L_000000000087d1d0, L_000000000091b280;
LS_000000000091c630_0_4 .concat8 [ 1 1 1 0], L_000000000091a720, L_000000000091e790, L_000000000091e020;
L_000000000091c630 .concat8 [ 4 3 0 0], LS_000000000091c630_0_0, LS_000000000091c630_0_4;
L_000000000091cef0 .part o00000000008bbcc8, 0, 1;
L_000000000091c130 .part o00000000008bbcc8, 1, 1;
L_000000000091ce50 .part o00000000008bbcc8, 2, 1;
L_000000000091cf90 .part o00000000008bbcc8, 0, 1;
L_000000000091c4f0 .part o00000000008bbcc8, 1, 1;
L_000000000091d670 .part o00000000008bbcc8, 2, 1;
L_000000000091c3b0 .part o00000000008bbcc8, 0, 1;
L_000000000091d490 .part o00000000008bbcc8, 1, 1;
    .scope S_000000000087cbd0;
T_0 ;
    %pushi/vec4 0, 0, 5;
    %store/vec4 v00000000009176f0_0, 0, 5;
    %end;
    .thread T_0;
    .scope S_000000000087cbd0;
T_1 ;
    %wait E_00000000008a8a90;
    %load/vec4 v0000000000917ab0_0;
    %flag_set/vec4 8;
    %jmp/0xz  T_1.0, 8;
    %pushi/vec4 0, 0, 5;
    %store/vec4 v00000000009176f0_0, 0, 5;
    %pushi/vec4 0, 0, 2;
    %store/vec4 v0000000000917830_0, 0, 2;
    %pushi/vec4 1, 0, 1;
    %store/vec4 v0000000000917dd0_0, 0, 1;
    %jmp T_1.1;
T_1.0 ;
    %load/vec4 v0000000000917790_0;
    %flag_set/vec4 8;
    %jmp/0xz  T_1.2, 8;
    %load/vec4 v00000000009176f0_0;
    %dup/vec4;
    %pushi/vec4 0, 0, 5;
    %cmp/u;
    %jmp/1 T_1.4, 6;
    %dup/vec4;
    %pushi/vec4 1, 0, 5;
    %cmp/u;
    %jmp/1 T_1.5, 6;
    %dup/vec4;
    %pushi/vec4 2, 0, 5;
    %cmp/u;
    %jmp/1 T_1.6, 6;
    %dup/vec4;
    %pushi/vec4 3, 0, 5;
    %cmp/u;
    %jmp/1 T_1.7, 6;
    %dup/vec4;
    %pushi/vec4 4, 0, 5;
    %cmp/u;
    %jmp/1 T_1.8, 6;
    %dup/vec4;
    %pushi/vec4 5, 0, 5;
    %cmp/u;
    %jmp/1 T_1.9, 6;
    %dup/vec4;
    %pushi/vec4 6, 0, 5;
    %cmp/u;
    %jmp/1 T_1.10, 6;
    %dup/vec4;
    %pushi/vec4 7, 0, 5;
    %cmp/u;
    %jmp/1 T_1.11, 6;
    %dup/vec4;
    %pushi/vec4 8, 0, 5;
    %cmp/u;
    %jmp/1 T_1.12, 6;
    %dup/vec4;
    %pushi/vec4 9, 0, 5;
    %cmp/u;
    %jmp/1 T_1.13, 6;
    %dup/vec4;
    %pushi/vec4 10, 0, 5;
    %cmp/u;
    %jmp/1 T_1.14, 6;
    %dup/vec4;
    %pushi/vec4 11, 0, 5;
    %cmp/u;
    %jmp/1 T_1.15, 6;
    %dup/vec4;
    %pushi/vec4 12, 0, 5;
    %cmp/u;
    %jmp/1 T_1.16, 6;
    %dup/vec4;
    %pushi/vec4 13, 0, 5;
    %cmp/u;
    %jmp/1 T_1.17, 6;
    %dup/vec4;
    %pushi/vec4 14, 0, 5;
    %cmp/u;
    %jmp/1 T_1.18, 6;
    %dup/vec4;
    %pushi/vec4 15, 0, 5;
    %cmp/u;
    %jmp/1 T_1.19, 6;
    %dup/vec4;
    %pushi/vec4 16, 0, 5;
    %cmp/u;
    %jmp/1 T_1.20, 6;
    %dup/vec4;
    %pushi/vec4 17, 0, 5;
    %cmp/u;
    %jmp/1 T_1.21, 6;
    %pushi/vec4 0, 0, 5;
    %store/vec4 v00000000009176f0_0, 0, 5;
    %jmp T_1.23;
T_1.4 ;
    %load/vec4 v0000000000917010_0;
    %inv;
    %load/vec4 v00000000009169d0_0;
    %pushi/vec4 4, 0, 3;
    %cmp/e;
    %flag_get/vec4 4;
    %and;
    %flag_set/vec4 8;
    %jmp/0xz  T_1.24, 8;
    %pushi/vec4 1, 0, 5;
    %store/vec4 v00000000009176f0_0, 0, 5;
    %jmp T_1.25;
T_1.24 ;
    %pushi/vec4 17, 0, 5;
    %store/vec4 v00000000009176f0_0, 0, 5;
T_1.25 ;
    %pushi/vec4 0, 0, 2;
    %store/vec4 v0000000000917830_0, 0, 2;
    %pushi/vec4 1, 0, 1;
    %store/vec4 v0000000000917dd0_0, 0, 1;
    %jmp T_1.23;
T_1.5 ;
    %load/vec4 v0000000000917010_0;
    %load/vec4 v00000000009169d0_0;
    %pushi/vec4 1, 0, 3;
    %cmp/e;
    %flag_get/vec4 4;
    %and;
    %flag_set/vec4 8;
    %jmp/0xz  T_1.26, 8;
    %pushi/vec4 2, 0, 5;
    %store/vec4 v00000000009176f0_0, 0, 5;
    %jmp T_1.27;
T_1.26 ;
    %load/vec4 v0000000000917010_0;
    %load/vec4 v00000000009169d0_0;
    %pushi/vec4 4, 0, 3;
    %cmp/e;
    %flag_get/vec4 4;
    %and;
    %flag_set/vec4 8;
    %jmp/0xz  T_1.28, 8;
    %pushi/vec4 3, 0, 5;
    %store/vec4 v00000000009176f0_0, 0, 5;
    %jmp T_1.29;
T_1.28 ;
    %load/vec4 v0000000000917010_0;
    %load/vec4 v00000000009176f0_0;
    %pushi/vec4 7, 0, 5;
    %cmp/e;
    %flag_get/vec4 4;
    %and;
    %flag_set/vec4 8;
    %jmp/0xz  T_1.30, 8;
    %pushi/vec4 4, 0, 5;
    %store/vec4 v00000000009176f0_0, 0, 5;
    %jmp T_1.31;
T_1.30 ;
    %pushi/vec4 17, 0, 5;
    %store/vec4 v00000000009176f0_0, 0, 5;
T_1.31 ;
T_1.29 ;
T_1.27 ;
    %pushi/vec4 0, 0, 2;
    %store/vec4 v0000000000917830_0, 0, 2;
    %pushi/vec4 1, 0, 1;
    %store/vec4 v0000000000917dd0_0, 0, 1;
    %jmp T_1.23;
T_1.6 ;
    %load/vec4 v00000000009169d0_0;
    %cmpi/ne 0, 0, 3;
    %jmp/0xz  T_1.32, 4;
    %pushi/vec4 5, 0, 5;
    %store/vec4 v00000000009176f0_0, 0, 5;
    %jmp T_1.33;
T_1.32 ;
    %pushi/vec4 17, 0, 5;
    %store/vec4 v00000000009176f0_0, 0, 5;
T_1.33 ;
    %pushi/vec4 0, 0, 2;
    %store/vec4 v0000000000917830_0, 0, 2;
    %pushi/vec4 1, 0, 1;
    %store/vec4 v0000000000917dd0_0, 0, 1;
    %jmp T_1.23;
T_1.7 ;
    %load/vec4 v00000000009169d0_0;
    %cmpi/ne 0, 0, 3;
    %jmp/0xz  T_1.34, 4;
    %pushi/vec4 6, 0, 5;
    %store/vec4 v00000000009176f0_0, 0, 5;
    %jmp T_1.35;
T_1.34 ;
    %pushi/vec4 17, 0, 5;
    %store/vec4 v00000000009176f0_0, 0, 5;
T_1.35 ;
    %pushi/vec4 0, 0, 2;
    %store/vec4 v0000000000917830_0, 0, 2;
    %pushi/vec4 1, 0, 1;
    %store/vec4 v0000000000917dd0_0, 0, 1;
    %jmp T_1.23;
T_1.8 ;
    %load/vec4 v00000000009169d0_0;
    %cmpi/ne 0, 0, 3;
    %jmp/0xz  T_1.36, 4;
    %pushi/vec4 7, 0, 5;
    %store/vec4 v00000000009176f0_0, 0, 5;
    %jmp T_1.37;
T_1.36 ;
    %pushi/vec4 17, 0, 5;
    %store/vec4 v00000000009176f0_0, 0, 5;
T_1.37 ;
    %pushi/vec4 0, 0, 2;
    %store/vec4 v0000000000917830_0, 0, 2;
    %pushi/vec4 1, 0, 1;
    %store/vec4 v0000000000917dd0_0, 0, 1;
    %jmp T_1.23;
T_1.9 ;
    %load/vec4 v00000000009169d0_0;
    %cmpi/ne 0, 0, 3;
    %jmp/0xz  T_1.38, 4;
    %pushi/vec4 8, 0, 5;
    %store/vec4 v00000000009176f0_0, 0, 5;
    %jmp T_1.39;
T_1.38 ;
    %pushi/vec4 17, 0, 5;
    %store/vec4 v00000000009176f0_0, 0, 5;
T_1.39 ;
    %pushi/vec4 0, 0, 2;
    %store/vec4 v0000000000917830_0, 0, 2;
    %pushi/vec4 1, 0, 1;
    %store/vec4 v0000000000917dd0_0, 0, 1;
    %jmp T_1.23;
T_1.10 ;
    %load/vec4 v00000000009169d0_0;
    %cmpi/ne 0, 0, 3;
    %jmp/0xz  T_1.40, 4;
    %pushi/vec4 9, 0, 5;
    %store/vec4 v00000000009176f0_0, 0, 5;
    %jmp T_1.41;
T_1.40 ;
    %pushi/vec4 17, 0, 5;
    %store/vec4 v00000000009176f0_0, 0, 5;
T_1.41 ;
    %pushi/vec4 0, 0, 2;
    %store/vec4 v0000000000917830_0, 0, 2;
    %pushi/vec4 1, 0, 1;
    %store/vec4 v0000000000917dd0_0, 0, 1;
    %jmp T_1.23;
T_1.11 ;
    %load/vec4 v00000000009169d0_0;
    %cmpi/ne 0, 0, 3;
    %jmp/0xz  T_1.42, 4;
    %pushi/vec4 10, 0, 5;
    %store/vec4 v00000000009176f0_0, 0, 5;
    %jmp T_1.43;
T_1.42 ;
    %pushi/vec4 17, 0, 5;
    %store/vec4 v00000000009176f0_0, 0, 5;
T_1.43 ;
    %pushi/vec4 0, 0, 2;
    %store/vec4 v0000000000917830_0, 0, 2;
    %pushi/vec4 1, 0, 1;
    %store/vec4 v0000000000917dd0_0, 0, 1;
    %jmp T_1.23;
T_1.12 ;
    %load/vec4 v0000000000917010_0;
    %inv;
    %load/vec4 v00000000009169d0_0;
    %pushi/vec4 5, 0, 3;
    %cmp/e;
    %flag_get/vec4 4;
    %and;
    %flag_set/vec4 8;
    %jmp/0xz  T_1.44, 8;
    %pushi/vec4 11, 0, 5;
    %store/vec4 v00000000009176f0_0, 0, 5;
    %jmp T_1.45;
T_1.44 ;
    %pushi/vec4 17, 0, 5;
    %store/vec4 v00000000009176f0_0, 0, 5;
T_1.45 ;
    %pushi/vec4 0, 0, 2;
    %store/vec4 v0000000000917830_0, 0, 2;
    %pushi/vec4 1, 0, 1;
    %store/vec4 v0000000000917dd0_0, 0, 1;
    %jmp T_1.23;
T_1.13 ;
    %load/vec4 v0000000000917010_0;
    %inv;
    %load/vec4 v00000000009169d0_0;
    %pushi/vec4 5, 0, 3;
    %cmp/e;
    %flag_get/vec4 4;
    %and;
    %flag_set/vec4 8;
    %jmp/0xz  T_1.46, 8;
    %pushi/vec4 12, 0, 5;
    %store/vec4 v00000000009176f0_0, 0, 5;
    %jmp T_1.47;
T_1.46 ;
    %pushi/vec4 17, 0, 5;
    %store/vec4 v00000000009176f0_0, 0, 5;
T_1.47 ;
    %pushi/vec4 0, 0, 2;
    %store/vec4 v0000000000917830_0, 0, 2;
    %pushi/vec4 1, 0, 1;
    %store/vec4 v0000000000917dd0_0, 0, 1;
    %jmp T_1.23;
T_1.14 ;
    %load/vec4 v0000000000917010_0;
    %inv;
    %load/vec4 v00000000009169d0_0;
    %pushi/vec4 5, 0, 3;
    %cmp/e;
    %flag_get/vec4 4;
    %and;
    %flag_set/vec4 8;
    %jmp/0xz  T_1.48, 8;
    %pushi/vec4 13, 0, 5;
    %store/vec4 v00000000009176f0_0, 0, 5;
    %jmp T_1.49;
T_1.48 ;
    %pushi/vec4 17, 0, 5;
    %store/vec4 v00000000009176f0_0, 0, 5;
T_1.49 ;
    %pushi/vec4 0, 0, 2;
    %store/vec4 v0000000000917830_0, 0, 2;
    %pushi/vec4 1, 0, 1;
    %store/vec4 v0000000000917dd0_0, 0, 1;
    %jmp T_1.23;
T_1.15 ;
    %load/vec4 v00000000009169d0_0;
    %cmpi/e 0, 0, 3;
    %jmp/0xz  T_1.50, 4;
    %pushi/vec4 14, 0, 5;
    %store/vec4 v00000000009176f0_0, 0, 5;
    %jmp T_1.51;
T_1.50 ;
    %pushi/vec4 17, 0, 5;
    %store/vec4 v00000000009176f0_0, 0, 5;
T_1.51 ;
    %pushi/vec4 0, 0, 2;
    %store/vec4 v0000000000917830_0, 0, 2;
    %pushi/vec4 1, 0, 1;
    %store/vec4 v0000000000917dd0_0, 0, 1;
    %jmp T_1.23;
T_1.16 ;
    %load/vec4 v00000000009169d0_0;
    %cmpi/e 0, 0, 3;
    %jmp/0xz  T_1.52, 4;
    %pushi/vec4 15, 0, 5;
    %store/vec4 v00000000009176f0_0, 0, 5;
    %jmp T_1.53;
T_1.52 ;
    %pushi/vec4 17, 0, 5;
    %store/vec4 v00000000009176f0_0, 0, 5;
T_1.53 ;
    %pushi/vec4 0, 0, 2;
    %store/vec4 v0000000000917830_0, 0, 2;
    %pushi/vec4 1, 0, 1;
    %store/vec4 v0000000000917dd0_0, 0, 1;
    %jmp T_1.23;
T_1.17 ;
    %load/vec4 v00000000009169d0_0;
    %cmpi/e 0, 0, 3;
    %jmp/0xz  T_1.54, 4;
    %pushi/vec4 16, 0, 5;
    %store/vec4 v00000000009176f0_0, 0, 5;
    %jmp T_1.55;
T_1.54 ;
    %pushi/vec4 17, 0, 5;
    %store/vec4 v00000000009176f0_0, 0, 5;
T_1.55 ;
    %pushi/vec4 0, 0, 2;
    %store/vec4 v0000000000917830_0, 0, 2;
    %pushi/vec4 1, 0, 1;
    %store/vec4 v0000000000917dd0_0, 0, 1;
    %jmp T_1.23;
T_1.18 ;
    %pushi/vec4 1, 0, 2;
    %store/vec4 v0000000000917830_0, 0, 2;
    %pushi/vec4 0, 0, 1;
    %store/vec4 v0000000000917dd0_0, 0, 1;
    %jmp T_1.23;
T_1.19 ;
    %pushi/vec4 2, 0, 2;
    %store/vec4 v0000000000917830_0, 0, 2;
    %pushi/vec4 0, 0, 1;
    %store/vec4 v0000000000917dd0_0, 0, 1;
    %jmp T_1.23;
T_1.20 ;
    %pushi/vec4 3, 0, 2;
    %store/vec4 v0000000000917830_0, 0, 2;
    %pushi/vec4 0, 0, 1;
    %store/vec4 v0000000000917dd0_0, 0, 1;
    %jmp T_1.23;
T_1.21 ;
    %pushi/vec4 0, 0, 2;
    %store/vec4 v0000000000917830_0, 0, 2;
    %pushi/vec4 0, 0, 1;
    %store/vec4 v0000000000917dd0_0, 0, 1;
    %jmp T_1.23;
T_1.23 ;
    %pop/vec4 1;
T_1.2 ;
T_1.1 ;
    %jmp T_1;
    .thread T_1;
# The file index is used to find the file name in the following table.
:file_names 4;
    "N/A";
    "<interactive>";
    ".\TP2.v";
    "./display7seg.v";
